<?xml version="1.0" encoding="UTF-8"?>
<!-- Generated by org.testng.reporters.JUnitXMLReporter -->

<testsuite ignored="12" hostname="DESKTOP-HIFRQD1" failures="2" tests="5" name="Test" time="43.855" errors="0" timestamp="13 Jul 2022 04:22:25 GMT">
  <testcase classname="com.tbs.shoptouch.test.Login" name="logintest" time="0.376"/>
  <testcase classname="com.tbs.shoptouch.test.Login" name="validloginsession" time="0.057">
    <failure type="java.lang.NoSuchMethodError" message="&amp;apos;org.springframework.core.convert.ConversionService org.springframework.core.convert.support.DefaultConversionService.getSharedInstance()&amp;apos;">
      <![CDATA[java.lang.NoSuchMethodError: 'org.springframework.core.convert.ConversionService org.springframework.core.convert.support.DefaultConversionService.getSharedInstance()'
at org.springframework.jdbc.core.SingleColumnRowMapper.<init>(SingleColumnRowMapper.java:54)
at org.springframework.jdbc.core.JdbcTemplate.getSingleColumnRowMapper(JdbcTemplate.java:1430)
at org.springframework.jdbc.core.JdbcTemplate.queryForObject(JdbcTemplate.java:515)
at com.tbs.shoptouch.test.Login.validloginsession(Login.java:50)
... Removed 25 stack frames]]>
    </failure>
  </testcase> <!-- validloginsession -->
  <testcase classname="com.tbs.shoptouch.test.Barcodetestcases" name="barcodescan" time="7.344"/>
  <testcase classname="com.tbs.shoptouch.test.Releasetestcases" name="releaseui" time="30.049">
    <failure type="org.openqa.selenium.NoSuchElementException" message="no such element: Unable to locate element: {&amp;quot;method&amp;quot;:&amp;quot;xpath&amp;quot;,&amp;quot;selector&amp;quot;:&amp;quot;//div[contains(@class, &amp;apos;zeroPadding ng-star-inserted&amp;apos;)]/button[4]&amp;quot;}
  (Session info: chrome=103.0.5060.114)
For documentation on this error, please visit: http://seleniumhq.org/exceptions/no_such_element.html
Build info: version: &amp;apos;3.141.0&amp;apos;, revision: &amp;apos;2ecb7d9a&amp;apos;, time: &amp;apos;2018-10-31T20:09:30&amp;apos;
System info: host: &amp;apos;DESKTOP-HIFRQD1&amp;apos;, ip: &amp;apos;192.168.200.20&amp;apos;, os.name: &amp;apos;Windows 10&amp;apos;, os.arch: &amp;apos;amd64&amp;apos;, os.version: &amp;apos;10.0&amp;apos;, java.version: &amp;apos;17.0.1&amp;apos;
Driver info: org.openqa.selenium.chrome.ChromeDriver
Capabilities {acceptInsecureCerts: false, browserName: chrome, browserVersion: 103.0.5060.114, chrome: {chromedriverVersion: 103.0.5060.53 (a1711811edd7..., userDataDir: C:\Users\Admin\AppData\Loca...}, goog:chromeOptions: {debuggerAddress: localhost:57219}, javascriptEnabled: true, networkConnectionEnabled: false, pageLoadStrategy: normal, platform: WINDOWS, platformName: WINDOWS, proxy: Proxy(), setWindowRect: true, strictFileInteractability: false, timeouts: {implicit: 0, pageLoad: 300000, script: 30000}, unhandledPromptBehavior: dismiss and notify, webauthn:extension:credBlob: true, webauthn:extension:largeBlob: true, webauthn:virtualAuthenticators: true}
Session ID: b24bac3ac794fbac83e70bac95e065fc
*** Element info: {Using=xpath, value=//div[contains(@class, &amp;apos;zeroPadding ng-star-inserted&amp;apos;)]/button[4]}">
      <![CDATA[org.openqa.selenium.NoSuchElementException: no such element: Unable to locate element: {"method":"xpath","selector":"//div[contains(@class, 'zeroPadding ng-star-inserted')]/button[4]"}
  (Session info: chrome=103.0.5060.114)
For documentation on this error, please visit: http://seleniumhq.org/exceptions/no_such_element.html
Build info: version: '3.141.0', revision: '2ecb7d9a', time: '2018-10-31T20:09:30'
System info: host: 'DESKTOP-HIFRQD1', ip: '192.168.200.20', os.name: 'Windows 10', os.arch: 'amd64', os.version: '10.0', java.version: '17.0.1'
Driver info: org.openqa.selenium.chrome.ChromeDriver
Capabilities {acceptInsecureCerts: false, browserName: chrome, browserVersion: 103.0.5060.114, chrome: {chromedriverVersion: 103.0.5060.53 (a1711811edd7..., userDataDir: C:\Users\Admin\AppData\Loca...}, goog:chromeOptions: {debuggerAddress: localhost:57219}, javascriptEnabled: true, networkConnectionEnabled: false, pageLoadStrategy: normal, platform: WINDOWS, platformName: WINDOWS, proxy: Proxy(), setWindowRect: true, strictFileInteractability: false, timeouts: {implicit: 0, pageLoad: 300000, script: 30000}, unhandledPromptBehavior: dismiss and notify, webauthn:extension:credBlob: true, webauthn:extension:largeBlob: true, webauthn:virtualAuthenticators: true}
Session ID: b24bac3ac794fbac83e70bac95e065fc
*** Element info: {Using=xpath, value=//div[contains(@class, 'zeroPadding ng-star-inserted')]/button[4]}
at org.openqa.selenium.remote.http.W3CHttpResponseCodec.createException(W3CHttpResponseCodec.java:187)
at org.openqa.selenium.remote.http.W3CHttpResponseCodec.decode(W3CHttpResponseCodec.java:122)
at org.openqa.selenium.remote.http.W3CHttpResponseCodec.decode(W3CHttpResponseCodec.java:49)
at org.openqa.selenium.remote.HttpCommandExecutor.execute(HttpCommandExecutor.java:158)
at org.openqa.selenium.remote.service.DriverCommandExecutor.execute(DriverCommandExecutor.java:83)
at org.openqa.selenium.remote.RemoteWebDriver.execute(RemoteWebDriver.java:552)
at org.openqa.selenium.remote.RemoteWebDriver.findElement(RemoteWebDriver.java:323)
at org.openqa.selenium.remote.RemoteWebDriver.findElementByXPath(RemoteWebDriver.java:428)
at org.openqa.selenium.By$ByXPath.findElement(By.java:353)
at org.openqa.selenium.remote.RemoteWebDriver.findElement(RemoteWebDriver.java:315)
at org.openqa.selenium.support.pagefactory.DefaultElementLocator.findElement(DefaultElementLocator.java:69)
at org.openqa.selenium.support.pagefactory.internal.LocatingElementHandler.invoke(LocatingElementHandler.java:38)
at jdk.proxy2/jdk.proxy2.$Proxy15.isEnabled(Unknown Source)
at com.tbs.shoptouch.test.Releasetestcases.releaseui(Releasetestcases.java:17)
... Removed 30 stack frames]]>
    </failure>
  </testcase> <!-- releaseui -->
  <testcase classname="com.tbs.shoptouch.test.Releasetestcases" name="releasefunc" time="0.0">
    <skipped/>
  </testcase> <!-- releasefunc -->


<testsuite ignored="0" hostname="RU_TB1" failures="0" tests="1" name="Test" time="79.585" errors="0" timestamp="22 Jun 2022 09:45:48 GMT">
  <testcase classname="com.tbs.shoptouch.test.Homepage" name="btncheck" time="78.686"/>


<testsuite ignored="8" hostname="DESKTOP-HIFRQD1" failures="0" tests="4" name="Test" time="48.678" errors="0" timestamp="23 Jun 2022 05:44:39 GMT">
  <testcase classname="com.tbs.shoptouch.test.Login" name="logintest" time="0.435"/>
  <testcase classname="com.tbs.shoptouch.test.Login" name="validloginsession" time="0.742"/>
  <testcase classname="com.tbs.shoptouch.test.Releasetestcases" name="releaseui" time="0.047"/>
  <testcase classname="com.tbs.shoptouch.test.Releasetestcases" name="releasefunc" time="41.369"/>

  <testcase classname="com.tbs.shoptouch.utilities.Baseclass" name="@AfterTest reportgeneration" time="0.0">
    <ignored/>
  </testcase> <!-- @AfterTest reportgeneration -->
  <testcase classname="com.tbs.shoptouch.utilities.Baseclass" name="@AfterTest reportgeneration" time="0.0">
    <ignored/>
  </testcase> <!-- @AfterTest reportgeneration -->
  <testcase classname="com.tbs.shoptouch.utilities.Baseclass" name="@AfterTest reportgeneration" time="0.0">
    <ignored/>
  </testcase> <!-- @AfterTest reportgeneration -->
  <testcase classname="com.tbs.shoptouch.utilities.Baseclass" name="@AfterTest tearDown" time="0.0">
    <ignored/>
  </testcase> <!-- @AfterTest tearDown -->
  <testcase classname="com.tbs.shoptouch.utilities.Baseclass" name="@AfterTest tearDown" time="0.0">
    <ignored/>
  </testcase> <!-- @AfterTest tearDown -->
  <testcase classname="com.tbs.shoptouch.utilities.Baseclass" name="@AfterTest tearDown" time="0.0">
    <ignored/>
  </testcase> <!-- @AfterTest tearDown -->
  <testcase classname="com.tbs.shoptouch.utilities.Baseclass" name="@BeforeTest extendReport" time="0.0">
    <ignored/>
  </testcase> <!-- @BeforeTest extendReport -->
  <testcase classname="com.tbs.shoptouch.utilities.Baseclass" name="@BeforeTest extendReport" time="0.0">
    <ignored/>
  </testcase> <!-- @BeforeTest extendReport -->
  <testcase classname="com.tbs.shoptouch.utilities.Baseclass" name="@BeforeTest extendReport" time="0.0">
    <ignored/>
  </testcase> <!-- @BeforeTest extendReport -->
  <testcase classname="com.tbs.shoptouch.utilities.Baseclass" name="@BeforeTest setup" time="0.0">
    <ignored/>
  </testcase> <!-- @BeforeTest setup -->
  <testcase classname="com.tbs.shoptouch.utilities.Baseclass" name="@BeforeTest setup" time="0.0">
    <ignored/>
  </testcase> <!-- @BeforeTest setup -->
  <testcase classname="com.tbs.shoptouch.utilities.Baseclass" name="@BeforeTest setup" time="0.0">
    <ignored/>
  </testcase> <!-- @BeforeTest setup -->


</testsuite> <!-- Test -->
