<?xml version="1.0" encoding="UTF-8"?>

<testng-results ignored="12" total="17" passed="2" failed="2" skipped="1">


<testng-results ignored="0" total="2" passed="1" failed="1" skipped="0">
  <reporter-output>
  </reporter-output>
  <suite started-at="2022-06-23T06:03:31Z" name="Default suite" finished-at="2022-06-23T06:09:36Z" duration-ms="365463">
    <groups>
    </groups>
    <test started-at="2022-06-23T06:03:31Z" name="Default test" finished-at="2022-06-23T06:09:36Z" duration-ms="365463">
      <class name="com.tbs.shoptouch.test.Homepage">
        <test-method is-config="true" signature="extendReport()[pri:0, instance:com.tbs.shoptouch.test.Homepage@2796aeae]" started-at="2022-06-23T06:03:27Z" name="extendReport" finished-at="2022-06-23T06:03:28Z" duration-ms="394" status="PASS">
          <reporter-output>
          </reporter-output>
        </test-method> <!-- extendReport -->
        <test-method is-config="true" signature="setup()[pri:0, instance:com.tbs.shoptouch.test.Homepage@2796aeae]" started-at="2022-06-23T06:03:28Z" name="setup" finished-at="2022-06-23T06:03:31Z" duration-ms="2918" status="PASS">
          <reporter-output>
          </reporter-output>
        </test-method> <!-- setup -->
        <test-method signature="btncheck()[pri:0, instance:com.tbs.shoptouch.test.Homepage@2796aeae]" started-at="2022-06-23T06:03:31Z" name="btncheck" finished-at="2022-06-23T06:05:44Z" duration-ms="133703" status="PASS">
          <reporter-output>
          </reporter-output>
        </test-method> <!-- btncheck -->
        <test-method signature="headercheck()[pri:0, instance:com.tbs.shoptouch.test.Homepage@2796aeae]" started-at="2022-06-23T06:05:44Z" name="headercheck" finished-at="2022-06-23T06:09:35Z" duration-ms="230990" status="FAIL">
          <exception class="java.lang.NullPointerException">
            <message>
              <![CDATA[Cannot invoke "java.lang.Boolean.booleanValue()" because "allimages" is null]]>
            </message>
            <full-stacktrace>
              <![CDATA[java.lang.NullPointerException: Cannot invoke "java.lang.Boolean.booleanValue()" because "allimages" is null
at com.tbs.shoptouch.test.Homepage.headercheck(Homepage.java:48)
at java.base/jdk.internal.reflect.NativeMethodAccessorImpl.invoke0(Native Method)
at java.base/jdk.internal.reflect.NativeMethodAccessorImpl.invoke(NativeMethodAccessorImpl.java:77)
at java.base/jdk.internal.reflect.DelegatingMethodAccessorImpl.invoke(DelegatingMethodAccessorImpl.java:43)
at java.base/java.lang.reflect.Method.invoke(Method.java:568)
at org.testng.internal.MethodInvocationHelper.invokeMethod(MethodInvocationHelper.java:124)
at org.testng.internal.Invoker.invokeMethod(Invoker.java:583)
at org.testng.internal.Invoker.invokeTestMethod(Invoker.java:719)
at org.testng.internal.Invoker.invokeTestMethods(Invoker.java:989)
at org.testng.internal.TestMethodWorker.invokeTestMethods(TestMethodWorker.java:125)
at org.testng.internal.TestMethodWorker.run(TestMethodWorker.java:109)
at org.testng.TestRunner.privateRun(TestRunner.java:648)
at org.testng.TestRunner.run(TestRunner.java:505)
at org.testng.SuiteRunner.runTest(SuiteRunner.java:455)
at org.testng.SuiteRunner.runSequentially(SuiteRunner.java:450)
at org.testng.SuiteRunner.privateRun(SuiteRunner.java:415)
at org.testng.SuiteRunner.run(SuiteRunner.java:364)
at org.testng.SuiteRunnerWorker.runSuite(SuiteRunnerWorker.java:52)
at org.testng.SuiteRunnerWorker.run(SuiteRunnerWorker.java:84)
at org.testng.TestNG.runSuitesSequentially(TestNG.java:1208)
at org.testng.TestNG.runSuitesLocally(TestNG.java:1137)
at org.testng.TestNG.runSuites(TestNG.java:1049)
at org.testng.TestNG.run(TestNG.java:1017)
at org.testng.remote.AbstractRemoteTestNG.run(AbstractRemoteTestNG.java:115)
at org.testng.remote.RemoteTestNG.initAndRun(RemoteTestNG.java:251)
at org.testng.remote.RemoteTestNG.main(RemoteTestNG.java:77)
]]>
            </full-stacktrace>
          </exception> <!-- java.lang.NullPointerException -->
          <reporter-output>
          </reporter-output>
        </test-method> <!-- headercheck -->
        <test-method is-config="true" signature="reportgeneration()[pri:0, instance:com.tbs.shoptouch.test.Homepage@2796aeae]" started-at="2022-06-23T06:09:35Z" name="reportgeneration" finished-at="2022-06-23T06:09:36Z" duration-ms="463" status="PASS">
          <reporter-output>
          </reporter-output>
        </test-method> <!-- reportgeneration -->
        <test-method is-config="true" signature="tearDown()[pri:0, instance:com.tbs.shoptouch.test.Homepage@2796aeae]" started-at="2022-06-23T06:09:36Z" name="tearDown" finished-at="2022-06-23T06:09:36Z" duration-ms="259" status="PASS">
          <reporter-output>
          </reporter-output>
        </test-method> <!-- tearDown -->
      </class> <!-- com.tbs.shoptouch.test.Homepage -->
    </test> <!-- Default test -->
  </suite> <!-- Default suite -->

<testng-results ignored="8" total="12" passed="4" failed="0" skipped="0">

  <reporter-output>
  </reporter-output>
  <suite started-at="2022-07-13T04:21:41Z" name="Suite" finished-at="2022-07-13T04:22:25Z" duration-ms="43855">
    <groups>
    </groups>
    <test started-at="2022-07-13T04:21:41Z" name="Test" finished-at="2022-07-13T04:22:25Z" duration-ms="43855">
      <class name="com.tbs.shoptouch.test.Login">
        <test-method is-config="true" signature="extendReport()[pri:0, instance:com.tbs.shoptouch.test.Login@27216cd]" started-at="2022-07-13T04:21:41Z" name="extendReport" finished-at="2022-07-13T04:21:41Z" duration-ms="328" status="PASS">
          <reporter-output>
          </reporter-output>
        </test-method> <!-- extendReport -->
        <test-method is-config="true" signature="setup()[pri:0, instance:com.tbs.shoptouch.test.Login@27216cd]" started-at="2022-07-13T04:21:41Z" name="setup" finished-at="2022-07-13T04:21:46Z" duration-ms="5255" status="PASS">
          <reporter-output>
          </reporter-output>
        </test-method> <!-- setup -->
        <test-method signature="logintest(java.lang.String, java.lang.String)[pri:0, instance:com.tbs.shoptouch.test.Login@27216cd]" started-at="2022-07-13T04:21:46Z" name="logintest" data-provider="getLogindata" finished-at="2022-07-13T04:21:47Z" duration-ms="376" status="PASS">
          <params>
            <param index="0">
              <value>
                <![CDATA[SAN1]]>
              </value>
            </param>
            <param index="1">
              <value>
                <![CDATA[123]]>
              </value>
            </param>
          </params>
          <reporter-output>
          </reporter-output>
        </test-method> <!-- logintest -->
        <test-method is-config="true" signature="tearDown()[pri:0, instance:com.tbs.shoptouch.test.Login@27216cd]" started-at="2022-07-13T04:21:47Z" name="tearDown" finished-at="2022-07-13T04:21:47Z" duration-ms="0" status="PASS">
          <reporter-output>
          </reporter-output>
        </test-method> <!-- tearDown -->
        <test-method signature="validloginsession()[pri:0, instance:com.tbs.shoptouch.test.Login@27216cd]" started-at="2022-07-13T04:21:47Z" name="validloginsession" finished-at="2022-07-13T04:21:47Z" duration-ms="57" status="FAIL">
          <exception class="java.lang.NoSuchMethodError">
            <message>
              <![CDATA['org.springframework.core.convert.ConversionService org.springframework.core.convert.support.DefaultConversionService.getSharedInstance()']]>
            </message>
            <full-stacktrace>
              <![CDATA[java.lang.NoSuchMethodError: 'org.springframework.core.convert.ConversionService org.springframework.core.convert.support.DefaultConversionService.getSharedInstance()'
at org.springframework.jdbc.core.SingleColumnRowMapper.<init>(SingleColumnRowMapper.java:54)
at org.springframework.jdbc.core.JdbcTemplate.getSingleColumnRowMapper(JdbcTemplate.java:1430)
at org.springframework.jdbc.core.JdbcTemplate.queryForObject(JdbcTemplate.java:515)
at com.tbs.shoptouch.test.Login.validloginsession(Login.java:50)
at java.base/jdk.internal.reflect.NativeMethodAccessorImpl.invoke0(Native Method)
at java.base/jdk.internal.reflect.NativeMethodAccessorImpl.invoke(NativeMethodAccessorImpl.java:77)
at java.base/jdk.internal.reflect.DelegatingMethodAccessorImpl.invoke(DelegatingMethodAccessorImpl.java:43)
at java.base/java.lang.reflect.Method.invoke(Method.java:568)
at org.testng.internal.MethodInvocationHelper.invokeMethod(MethodInvocationHelper.java:124)
at org.testng.internal.Invoker.invokeMethod(Invoker.java:583)
at org.testng.internal.Invoker.invokeTestMethod(Invoker.java:719)
at org.testng.internal.Invoker.invokeTestMethods(Invoker.java:989)
at org.testng.internal.TestMethodWorker.invokeTestMethods(TestMethodWorker.java:125)
at org.testng.internal.TestMethodWorker.run(TestMethodWorker.java:109)
at org.testng.TestRunner.privateRun(TestRunner.java:648)
at org.testng.TestRunner.run(TestRunner.java:505)
at org.testng.SuiteRunner.runTest(SuiteRunner.java:455)
at org.testng.SuiteRunner.runSequentially(SuiteRunner.java:450)
at org.testng.SuiteRunner.privateRun(SuiteRunner.java:415)
at org.testng.SuiteRunner.run(SuiteRunner.java:364)
at org.testng.SuiteRunnerWorker.runSuite(SuiteRunnerWorker.java:52)
at org.testng.SuiteRunnerWorker.run(SuiteRunnerWorker.java:84)
at org.testng.TestNG.runSuitesSequentially(TestNG.java:1208)
at org.testng.TestNG.runSuitesLocally(TestNG.java:1137)
at org.testng.TestNG.runSuites(TestNG.java:1049)
at org.testng.TestNG.run(TestNG.java:1017)
at org.testng.remote.AbstractRemoteTestNG.run(AbstractRemoteTestNG.java:115)
at org.testng.remote.RemoteTestNG.initAndRun(RemoteTestNG.java:251)
at org.testng.remote.RemoteTestNG.main(RemoteTestNG.java:77)
]]>
            </full-stacktrace>
          </exception> <!-- java.lang.NoSuchMethodError -->
          <reporter-output>
          </reporter-output>
        </test-method> <!-- validloginsession -->
        <test-method is-config="true" signature="tearDown()[pri:0, instance:com.tbs.shoptouch.test.Login@27216cd]" started-at="2022-07-13T04:21:47Z" name="tearDown" finished-at="2022-07-13T04:21:47Z" duration-ms="1" status="PASS">
          <reporter-output>
          </reporter-output>
        </test-method> <!-- tearDown -->
        <test-method is-config="true" signature="reportgeneration()[pri:0, instance:com.tbs.shoptouch.test.Login@27216cd]" started-at="2022-07-13T04:22:24Z" name="reportgeneration" finished-at="2022-07-13T04:22:25Z" duration-ms="383" status="PASS">
          <reporter-output>
          </reporter-output>
        </test-method> <!-- reportgeneration -->
        <test-method is-config="true" signature="tearDown()[pri:0, instance:com.tbs.shoptouch.test.Login@27216cd]" started-at="2022-07-13T04:22:25Z" name="tearDown" finished-at="2022-07-13T04:22:25Z" duration-ms="0" status="PASS">
          <reporter-output>
          </reporter-output>
        </test-method> <!-- tearDown -->
      </class> <!-- com.tbs.shoptouch.test.Login -->
      <class name="com.tbs.shoptouch.test.Barcodetestcases">
        <test-method signature="barcodescan()[pri:0, instance:com.tbs.shoptouch.test.Barcodetestcases@558bdf1f]" started-at="2022-07-13T04:21:47Z" name="barcodescan" finished-at="2022-07-13T04:21:54Z" duration-ms="7344" status="PASS">
          <reporter-output>
          </reporter-output>
        </test-method> <!-- barcodescan -->
        <test-method is-config="true" signature="tearDown()[pri:0, instance:com.tbs.shoptouch.test.Barcodetestcases@558bdf1f]" started-at="2022-07-13T04:21:54Z" name="tearDown" finished-at="2022-07-13T04:21:54Z" duration-ms="1" status="PASS">
          <reporter-output>
          </reporter-output>
        </test-method> <!-- tearDown -->
      </class> <!-- com.tbs.shoptouch.test.Barcodetestcases -->
      <class name="com.tbs.shoptouch.test.Releasetestcases">
        <test-method signature="releaseui()[pri:0, instance:com.tbs.shoptouch.test.Releasetestcases@8576fa0]" started-at="2022-07-13T04:21:54Z" name="releaseui" finished-at="2022-07-13T04:22:24Z" duration-ms="30049" status="FAIL">
          <exception class="org.openqa.selenium.NoSuchElementException">
            <message>
              <![CDATA[no such element: Unable to locate element: {"method":"xpath","selector":"//div[contains(@class, 'zeroPadding ng-star-inserted')]/button[4]"}
  (Session info: chrome=103.0.5060.114)
For documentation on this error, please visit: http://seleniumhq.org/exceptions/no_such_element.html
Build info: version: '3.141.0', revision: '2ecb7d9a', time: '2018-10-31T20:09:30'
System info: host: 'DESKTOP-HIFRQD1', ip: '192.168.200.20', os.name: 'Windows 10', os.arch: 'amd64', os.version: '10.0', java.version: '17.0.1'
Driver info: org.openqa.selenium.chrome.ChromeDriver
Capabilities {acceptInsecureCerts: false, browserName: chrome, browserVersion: 103.0.5060.114, chrome: {chromedriverVersion: 103.0.5060.53 (a1711811edd7..., userDataDir: C:\Users\Admin\AppData\Loca...}, goog:chromeOptions: {debuggerAddress: localhost:57219}, javascriptEnabled: true, networkConnectionEnabled: false, pageLoadStrategy: normal, platform: WINDOWS, platformName: WINDOWS, proxy: Proxy(), setWindowRect: true, strictFileInteractability: false, timeouts: {implicit: 0, pageLoad: 300000, script: 30000}, unhandledPromptBehavior: dismiss and notify, webauthn:extension:credBlob: true, webauthn:extension:largeBlob: true, webauthn:virtualAuthenticators: true}
Session ID: b24bac3ac794fbac83e70bac95e065fc
*** Element info: {Using=xpath, value=//div[contains(@class, 'zeroPadding ng-star-inserted')]/button[4]}]]>
            </message>
            <full-stacktrace>
              <![CDATA[org.openqa.selenium.NoSuchElementException: no such element: Unable to locate element: {"method":"xpath","selector":"//div[contains(@class, 'zeroPadding ng-star-inserted')]/button[4]"}
  (Session info: chrome=103.0.5060.114)
For documentation on this error, please visit: http://seleniumhq.org/exceptions/no_such_element.html
Build info: version: '3.141.0', revision: '2ecb7d9a', time: '2018-10-31T20:09:30'
System info: host: 'DESKTOP-HIFRQD1', ip: '192.168.200.20', os.name: 'Windows 10', os.arch: 'amd64', os.version: '10.0', java.version: '17.0.1'
Driver info: org.openqa.selenium.chrome.ChromeDriver
Capabilities {acceptInsecureCerts: false, browserName: chrome, browserVersion: 103.0.5060.114, chrome: {chromedriverVersion: 103.0.5060.53 (a1711811edd7..., userDataDir: C:\Users\Admin\AppData\Loca...}, goog:chromeOptions: {debuggerAddress: localhost:57219}, javascriptEnabled: true, networkConnectionEnabled: false, pageLoadStrategy: normal, platform: WINDOWS, platformName: WINDOWS, proxy: Proxy(), setWindowRect: true, strictFileInteractability: false, timeouts: {implicit: 0, pageLoad: 300000, script: 30000}, unhandledPromptBehavior: dismiss and notify, webauthn:extension:credBlob: true, webauthn:extension:largeBlob: true, webauthn:virtualAuthenticators: true}
Session ID: b24bac3ac794fbac83e70bac95e065fc
*** Element info: {Using=xpath, value=//div[contains(@class, 'zeroPadding ng-star-inserted')]/button[4]}
at java.base/jdk.internal.reflect.NativeConstructorAccessorImpl.newInstance0(Native Method)
at java.base/jdk.internal.reflect.NativeConstructorAccessorImpl.newInstance(NativeConstructorAccessorImpl.java:77)
at java.base/jdk.internal.reflect.DelegatingConstructorAccessorImpl.newInstance(DelegatingConstructorAccessorImpl.java:45)
at java.base/java.lang.reflect.Constructor.newInstanceWithCaller(Constructor.java:499)
at java.base/java.lang.reflect.Constructor.newInstance(Constructor.java:480)
at org.openqa.selenium.remote.http.W3CHttpResponseCodec.createException(W3CHttpResponseCodec.java:187)
at org.openqa.selenium.remote.http.W3CHttpResponseCodec.decode(W3CHttpResponseCodec.java:122)
at org.openqa.selenium.remote.http.W3CHttpResponseCodec.decode(W3CHttpResponseCodec.java:49)
at org.openqa.selenium.remote.HttpCommandExecutor.execute(HttpCommandExecutor.java:158)
at org.openqa.selenium.remote.service.DriverCommandExecutor.execute(DriverCommandExecutor.java:83)
at org.openqa.selenium.remote.RemoteWebDriver.execute(RemoteWebDriver.java:552)
at org.openqa.selenium.remote.RemoteWebDriver.findElement(RemoteWebDriver.java:323)
at org.openqa.selenium.remote.RemoteWebDriver.findElementByXPath(RemoteWebDriver.java:428)
at org.openqa.selenium.By$ByXPath.findElement(By.java:353)
at org.openqa.selenium.remote.RemoteWebDriver.findElement(RemoteWebDriver.java:315)
at org.openqa.selenium.support.pagefactory.DefaultElementLocator.findElement(DefaultElementLocator.java:69)
at org.openqa.selenium.support.pagefactory.internal.LocatingElementHandler.invoke(LocatingElementHandler.java:38)
at jdk.proxy2/jdk.proxy2.$Proxy15.isEnabled(Unknown Source)
at com.tbs.shoptouch.test.Releasetestcases.releaseui(Releasetestcases.java:17)
at java.base/jdk.internal.reflect.NativeMethodAccessorImpl.invoke0(Native Method)
at java.base/jdk.internal.reflect.NativeMethodAccessorImpl.invoke(NativeMethodAccessorImpl.java:77)
at java.base/jdk.internal.reflect.DelegatingMethodAccessorImpl.invoke(DelegatingMethodAccessorImpl.java:43)
at java.base/java.lang.reflect.Method.invoke(Method.java:568)
at org.testng.internal.MethodInvocationHelper.invokeMethod(MethodInvocationHelper.java:124)
at org.testng.internal.Invoker.invokeMethod(Invoker.java:583)
at org.testng.internal.Invoker.invokeTestMethod(Invoker.java:719)
at org.testng.internal.Invoker.invokeTestMethods(Invoker.java:989)
at org.testng.internal.TestMethodWorker.invokeTestMethods(TestMethodWorker.java:125)
at org.testng.internal.TestMethodWorker.run(TestMethodWorker.java:109)
at org.testng.TestRunner.privateRun(TestRunner.java:648)
at org.testng.TestRunner.run(TestRunner.java:505)
at org.testng.SuiteRunner.runTest(SuiteRunner.java:455)
at org.testng.SuiteRunner.runSequentially(SuiteRunner.java:450)
at org.testng.SuiteRunner.privateRun(SuiteRunner.java:415)
at org.testng.SuiteRunner.run(SuiteRunner.java:364)
at org.testng.SuiteRunnerWorker.runSuite(SuiteRunnerWorker.java:52)
at org.testng.SuiteRunnerWorker.run(SuiteRunnerWorker.java:84)
at org.testng.TestNG.runSuitesSequentially(TestNG.java:1208)
at org.testng.TestNG.runSuitesLocally(TestNG.java:1137)
at org.testng.TestNG.runSuites(TestNG.java:1049)
at org.testng.TestNG.run(TestNG.java:1017)
at org.testng.remote.AbstractRemoteTestNG.run(AbstractRemoteTestNG.java:115)
at org.testng.remote.RemoteTestNG.initAndRun(RemoteTestNG.java:251)
at org.testng.remote.RemoteTestNG.main(RemoteTestNG.java:77)
]]>
            </full-stacktrace>
          </exception> <!-- org.openqa.selenium.NoSuchElementException -->
          <reporter-output>
          </reporter-output>
        </test-method> <!-- releaseui -->
        <test-method is-config="true" signature="tearDown()[pri:0, instance:com.tbs.shoptouch.test.Releasetestcases@8576fa0]" started-at="2022-07-13T04:22:24Z" name="tearDown" finished-at="2022-07-13T04:22:24Z" duration-ms="0" status="PASS">
          <reporter-output>
          </reporter-output>
        </test-method> <!-- tearDown -->
        <test-method signature="releasefunc()[pri:0, instance:com.tbs.shoptouch.test.Releasetestcases@8576fa0]" started-at="2022-07-13T04:22:24Z" name="releasefunc" finished-at="2022-07-13T04:22:24Z" depends-on-methods="com.tbs.shoptouch.test.Releasetestcases.releaseui" duration-ms="0" status="SKIP">
          <exception class="java.lang.Throwable">
            <message>
              <![CDATA[Method Releasetestcases.releasefunc()[pri:0, instance:com.tbs.shoptouch.test.Releasetestcases@8576fa0] depends on not successfully finished methods]]>
            </message>
            <full-stacktrace>
              <![CDATA[java.lang.Throwable: Method Releasetestcases.releasefunc()[pri:0, instance:com.tbs.shoptouch.test.Releasetestcases@8576fa0] depends on not successfully finished methods
at org.testng.internal.Invoker.invokeTestMethods(Invoker.java:888)
at org.testng.internal.TestMethodWorker.invokeTestMethods(TestMethodWorker.java:125)
at org.testng.internal.TestMethodWorker.run(TestMethodWorker.java:109)
at org.testng.TestRunner.privateRun(TestRunner.java:648)
at org.testng.TestRunner.run(TestRunner.java:505)
at org.testng.SuiteRunner.runTest(SuiteRunner.java:455)
at org.testng.SuiteRunner.runSequentially(SuiteRunner.java:450)
at org.testng.SuiteRunner.privateRun(SuiteRunner.java:415)
at org.testng.SuiteRunner.run(SuiteRunner.java:364)
at org.testng.SuiteRunnerWorker.runSuite(SuiteRunnerWorker.java:52)
at org.testng.SuiteRunnerWorker.run(SuiteRunnerWorker.java:84)
at org.testng.TestNG.runSuitesSequentially(TestNG.java:1208)
at org.testng.TestNG.runSuitesLocally(TestNG.java:1137)
at org.testng.TestNG.runSuites(TestNG.java:1049)
at org.testng.TestNG.run(TestNG.java:1017)
at org.testng.remote.AbstractRemoteTestNG.run(AbstractRemoteTestNG.java:115)
at org.testng.remote.RemoteTestNG.initAndRun(RemoteTestNG.java:251)
at org.testng.remote.RemoteTestNG.main(RemoteTestNG.java:77)
]]>
            </full-stacktrace>
          </exception> <!-- java.lang.Throwable -->
          <reporter-output>
          </reporter-output>
        </test-method> <!-- releasefunc -->
      </class> <!-- com.tbs.shoptouch.test.Releasetestcases -->
    </test> <!-- Test -->
  </suite> <!-- Suite -->

</testng-results>
